[Fri Sep 08 02:02:33.032228 2017] [so:warn] [pid 9] AH01574: module authz_core_module is already loaded, skipping
[Fri Sep 08 02:02:33.032611 2017] [so:warn] [pid 9] AH01574: module authz_host_module is already loaded, skipping
[Fri Sep 08 02:02:33.094316 2017] [auth_digest:notice] [pid 17] AH01757: generating secret for digest authentication ...
[Fri Sep 08 02:02:33.389395 2017] [mpm_prefork:notice] [pid 17] AH00163: Apache/2.4.6 (Red Hat) configured -- resuming normal operations
[Fri Sep 08 02:02:33.390057 2017] [core:notice] [pid 17] AH00094: Command line: '/usr/sbin/httpd'
[Fri Sep 08 04:52:48.338596 2017] [so:warn] [pid 8] AH01574: module authz_core_module is already loaded, skipping
[Fri Sep 08 04:52:48.339033 2017] [so:warn] [pid 8] AH01574: module authz_host_module is already loaded, skipping
[Fri Sep 08 04:52:48.406784 2017] [auth_digest:notice] [pid 17] AH01757: generating secret for digest authentication ...
[Fri Sep 08 04:52:48.639605 2017] [mpm_prefork:notice] [pid 17] AH00163: Apache/2.4.6 (Red Hat) configured -- resuming normal operations
[Fri Sep 08 04:52:48.639959 2017] [core:notice] [pid 17] AH00094: Command line: '/usr/sbin/httpd'
[Fri Sep 08 07:06:07.346374 2017] [so:warn] [pid 9] AH01574: module authz_core_module is already loaded, skipping
[Fri Sep 08 07:06:07.346889 2017] [so:warn] [pid 9] AH01574: module authz_host_module is already loaded, skipping
[Fri Sep 08 07:06:07.445783 2017] [auth_digest:notice] [pid 17] AH01757: generating secret for digest authentication ...
[Fri Sep 08 07:06:07.659807 2017] [mpm_prefork:notice] [pid 17] AH00163: Apache/2.4.6 (Red Hat) configured -- resuming normal operations
[Fri Sep 08 07:06:07.659842 2017] [core:notice] [pid 17] AH00094: Command line: '/usr/sbin/httpd'
[Fri Sep 08 08:56:05.263721 2017] [so:warn] [pid 9] AH01574: module authz_core_module is already loaded, skipping
[Fri Sep 08 08:56:05.264042 2017] [so:warn] [pid 9] AH01574: module authz_host_module is already loaded, skipping
[Fri Sep 08 08:56:05.328751 2017] [auth_digest:notice] [pid 17] AH01757: generating secret for digest authentication ...
[Fri Sep 08 08:56:05.527624 2017] [mpm_prefork:notice] [pid 17] AH00163: Apache/2.4.6 (Red Hat) configured -- resuming normal operations
[Fri Sep 08 08:56:05.527672 2017] [core:notice] [pid 17] AH00094: Command line: '/usr/sbin/httpd'
[Fri Sep 08 13:06:34.875114 2017] [so:warn] [pid 9] AH01574: module authz_core_module is already loaded, skipping
[Fri Sep 08 13:06:34.875502 2017] [so:warn] [pid 9] AH01574: module authz_host_module is already loaded, skipping
[Fri Sep 08 13:06:34.962177 2017] [auth_digest:notice] [pid 17] AH01757: generating secret for digest authentication ...
[Fri Sep 08 13:06:35.192296 2017] [mpm_prefork:notice] [pid 17] AH00163: Apache/2.4.6 (Red Hat) configured -- resuming normal operations
[Fri Sep 08 13:06:35.192334 2017] [core:notice] [pid 17] AH00094: Command line: '/usr/sbin/httpd'
[Fri Sep 08 14:29:26.767536 2017] [so:warn] [pid 9] AH01574: module authz_core_module is already loaded, skipping
[Fri Sep 08 14:29:26.767812 2017] [so:warn] [pid 9] AH01574: module authz_host_module is already loaded, skipping
[Fri Sep 08 14:29:26.836838 2017] [auth_digest:notice] [pid 17] AH01757: generating secret for digest authentication ...
[Fri Sep 08 14:29:27.040760 2017] [mpm_prefork:notice] [pid 17] AH00163: Apache/2.4.6 (Red Hat) configured -- resuming normal operations
[Fri Sep 08 14:29:27.040814 2017] [core:notice] [pid 17] AH00094: Command line: '/usr/sbin/httpd'
[Fri Sep 08 16:03:51.903656 2017] [so:warn] [pid 10] AH01574: module authz_core_module is already loaded, skipping
[Fri Sep 08 16:03:51.904020 2017] [so:warn] [pid 10] AH01574: module authz_host_module is already loaded, skipping
[Fri Sep 08 16:03:52.024917 2017] [auth_digest:notice] [pid 17] AH01757: generating secret for digest authentication ...
[Fri Sep 08 16:03:52.325636 2017] [mpm_prefork:notice] [pid 17] AH00163: Apache/2.4.6 (Red Hat) configured -- resuming normal operations
[Fri Sep 08 16:03:52.325659 2017] [core:notice] [pid 17] AH00094: Command line: '/usr/sbin/httpd'
[Fri Sep 08 18:08:55.640350 2017] [so:warn] [pid 9] AH01574: module authz_core_module is already loaded, skipping
[Fri Sep 08 18:08:55.640567 2017] [so:warn] [pid 9] AH01574: module authz_host_module is already loaded, skipping
[Fri Sep 08 18:08:55.691582 2017] [auth_digest:notice] [pid 17] AH01757: generating secret for digest authentication ...
[Fri Sep 08 18:08:55.873007 2017] [mpm_prefork:notice] [pid 17] AH00163: Apache/2.4.6 (Red Hat) configured -- resuming normal operations
[Fri Sep 08 18:08:55.873038 2017] [core:notice] [pid 17] AH00094: Command line: '/usr/sbin/httpd'
[Fri Sep 08 19:02:47.421691 2017] [so:warn] [pid 9] AH01574: module authz_core_module is already loaded, skipping
[Fri Sep 08 19:02:47.422071 2017] [so:warn] [pid 9] AH01574: module authz_host_module is already loaded, skipping
[Fri Sep 08 19:02:47.493745 2017] [auth_digest:notice] [pid 17] AH01757: generating secret for digest authentication ...
[Fri Sep 08 19:02:47.720856 2017] [mpm_prefork:notice] [pid 17] AH00163: Apache/2.4.6 (Red Hat) configured -- resuming normal operations
[Fri Sep 08 19:02:47.720885 2017] [core:notice] [pid 17] AH00094: Command line: '/usr/sbin/httpd'
[Fri Sep 08 21:07:15.836507 2017] [so:warn] [pid 9] AH01574: module authz_core_module is already loaded, skipping
[Fri Sep 08 21:07:15.836937 2017] [so:warn] [pid 9] AH01574: module authz_host_module is already loaded, skipping
[Fri Sep 08 21:07:15.935416 2017] [auth_digest:notice] [pid 17] AH01757: generating secret for digest authentication ...
[Fri Sep 08 21:07:16.058904 2017] [mpm_prefork:notice] [pid 17] AH00163: Apache/2.4.6 (Red Hat) configured -- resuming normal operations
[Fri Sep 08 21:07:16.058971 2017] [core:notice] [pid 17] AH00094: Command line: '/usr/sbin/httpd'
